<?xml version="1.0" encoding="UTF-8"?>
<TestRun id="b6acf8b4-c1f7-44c4-9ddb-f8e139ddadbe" name="JoaoPaulo@GENOCHA 2014-07-18 00:40:33" runUser="GENOCHA\JoaoPaulo" xmlns="http://microsoft.com/schemas/VisualStudio/TeamTest/2010">
  <TestSettings name="Default Test Settings" id="37d8ac4d-44ef-4e9a-bcbd-15e9136c3291">
    <Deployment userDeploymentRoot="C:\Users\JoaoPaulo\Documents\GitHub\CI_With_MSBuild\buildartifacts" useDefaultDeploymentRoot="false" runDeploymentRoot="JoaoPaulo_GENOCHA 2014-07-18 00_40_33" />
    <Execution>
      <TestTypeSpecific />
      <AgentRule name="Execution Agents">
      </AgentRule>
    </Execution>
  </TestSettings>
  <Times creation="2014-07-18T00:40:33.8765860-03:00" queuing="2014-07-18T00:40:36.0232154-03:00" start="2014-07-18T00:40:36.1653042-03:00" finish="2014-07-18T00:40:38.5508958-03:00" />
  <ResultSummary outcome="Warning">
    <Counters total="3" executed="3" passed="3" error="0" failed="0" timeout="0" aborted="0" inconclusive="0" passedButRunAborted="0" notRunnable="0" notExecuted="0" disconnected="0" warning="0" completed="0" inProgress="0" pending="0" />
    <RunInfos>
      <RunInfo computerName="GENOCHA" outcome="Warning" timestamp="2014-07-18T00:40:36.0142090-03:00">
        <Text>Warning: Test Run deployment issue: The assembly or module 'System.Web.Mvc' directly or indirectly referenced by the test container 'C:\Users\JoaoPaulo\Documents\GitHub\CI_With_MSBuild\buildartifacts\msbuildscript.tests.dll' was not found.</Text>
      </RunInfo>
      <RunInfo computerName="GENOCHA" outcome="Warning" timestamp="2014-07-18T00:40:36.0142090-03:00">
        <Text>Warning: Test Run deployment issue: The assembly or module 'log4net' directly or indirectly referenced by the test container 'C:\Users\JoaoPaulo\Documents\GitHub\CI_With_MSBuild\buildartifacts\msbuildscript.tests.dll' was not found.</Text>
      </RunInfo>
      <RunInfo computerName="GENOCHA" outcome="Warning" timestamp="2014-07-18T00:40:36.0142090-03:00">
        <Text>Warning: Test Run deployment issue: The assembly or module 'Org.Mentalis.Security.Cryptography' directly or indirectly referenced by the test container 'C:\Users\JoaoPaulo\Documents\GitHub\CI_With_MSBuild\buildartifacts\msbuildscript.tests.dll' was not found.</Text>
      </RunInfo>
    </RunInfos>
  </ResultSummary>
  <TestDefinitions>
    <UnitTest name="About" storage=".\buildartifacts\msbuildscript.tests.dll" id="5f9b7103-a27a-c414-9564-7f51d3d74be6">
      <Execution id="f2b8be13-b093-483e-9fa7-ebb2a3931eab" />
      <TestMethod codeBase="C:/Users/JoaoPaulo/Documents/GitHub/CI_With_MSBuild/buildartifacts/MsBuildScript.Tests.DLL" adapterTypeName="Microsoft.VisualStudio.TestTools.TestTypes.Unit.UnitTestAdapter, Microsoft.VisualStudio.QualityTools.Tips.UnitTest.Adapter, Version=10.0.0.0, Culture=neutral, PublicKeyToken=b03f5f7f11d50a3a" className="MsBuildScript.Tests.Controllers.HomeControllerTest, MsBuildScript.Tests, Version=1.0.0.0, Culture=neutral, PublicKeyToken=null" name="About" />
    </UnitTest>
    <UnitTest name="Contact" storage=".\buildartifacts\msbuildscript.tests.dll" id="dda45308-09d8-e8f9-a2e5-a45a7c05e446">
      <Execution id="91fc87c8-9484-4789-bf9f-051e8f597db6" />
      <TestMethod codeBase="C:/Users/JoaoPaulo/Documents/GitHub/CI_With_MSBuild/buildartifacts/MsBuildScript.Tests.DLL" adapterTypeName="Microsoft.VisualStudio.TestTools.TestTypes.Unit.UnitTestAdapter, Microsoft.VisualStudio.QualityTools.Tips.UnitTest.Adapter, Version=10.0.0.0, Culture=neutral, PublicKeyToken=b03f5f7f11d50a3a" className="MsBuildScript.Tests.Controllers.HomeControllerTest, MsBuildScript.Tests, Version=1.0.0.0, Culture=neutral, PublicKeyToken=null" name="Contact" />
    </UnitTest>
    <UnitTest name="Index" storage=".\buildartifacts\msbuildscript.tests.dll" id="907e625c-e792-a09d-0f6c-831979aaf847">
      <Execution id="690ca336-18e0-47e7-bb7e-c09a0ff2fc96" />
      <TestMethod codeBase="C:/Users/JoaoPaulo/Documents/GitHub/CI_With_MSBuild/buildartifacts/MsBuildScript.Tests.DLL" adapterTypeName="Microsoft.VisualStudio.TestTools.TestTypes.Unit.UnitTestAdapter, Microsoft.VisualStudio.QualityTools.Tips.UnitTest.Adapter, Version=10.0.0.0, Culture=neutral, PublicKeyToken=b03f5f7f11d50a3a" className="MsBuildScript.Tests.Controllers.HomeControllerTest, MsBuildScript.Tests, Version=1.0.0.0, Culture=neutral, PublicKeyToken=null" name="Index" />
    </UnitTest>
  </TestDefinitions>
  <TestLists>
    <TestList name="Results Not in a List" id="8c84fa94-04c1-424b-9868-57a2d4851a1d" />
    <TestList name="All Loaded Results" id="19431567-8539-422a-85d7-44ee4e166bda" />
  </TestLists>
  <TestEntries>
    <TestEntry testId="5f9b7103-a27a-c414-9564-7f51d3d74be6" executionId="f2b8be13-b093-483e-9fa7-ebb2a3931eab" testListId="8c84fa94-04c1-424b-9868-57a2d4851a1d" />
    <TestEntry testId="dda45308-09d8-e8f9-a2e5-a45a7c05e446" executionId="91fc87c8-9484-4789-bf9f-051e8f597db6" testListId="8c84fa94-04c1-424b-9868-57a2d4851a1d" />
    <TestEntry testId="907e625c-e792-a09d-0f6c-831979aaf847" executionId="690ca336-18e0-47e7-bb7e-c09a0ff2fc96" testListId="8c84fa94-04c1-424b-9868-57a2d4851a1d" />
  </TestEntries>
  <Results>
    <UnitTestResult executionId="f2b8be13-b093-483e-9fa7-ebb2a3931eab" testId="5f9b7103-a27a-c414-9564-7f51d3d74be6" testName="About" computerName="GENOCHA" duration="00:00:00.3931693" startTime="2014-07-18T00:40:36.2183399-03:00" endTime="2014-07-18T00:40:38.3407553-03:00" testType="13cdc9d9-ddb5-4fa4-a97d-d965ccfc6d4b" outcome="Passed" testListId="8c84fa94-04c1-424b-9868-57a2d4851a1d" relativeResultsDirectory="f2b8be13-b093-483e-9fa7-ebb2a3931eab">
    </UnitTestResult>
    <UnitTestResult executionId="91fc87c8-9484-4789-bf9f-051e8f597db6" testId="dda45308-09d8-e8f9-a2e5-a45a7c05e446" testName="Contact" computerName="GENOCHA" duration="00:00:00.0085116" startTime="2014-07-18T00:40:38.3537640-03:00" endTime="2014-07-18T00:40:38.3787807-03:00" testType="13cdc9d9-ddb5-4fa4-a97d-d965ccfc6d4b" outcome="Passed" testListId="8c84fa94-04c1-424b-9868-57a2d4851a1d" relativeResultsDirectory="91fc87c8-9484-4789-bf9f-051e8f597db6">
    </UnitTestResult>
    <UnitTestResult executionId="690ca336-18e0-47e7-bb7e-c09a0ff2fc96" testId="907e625c-e792-a09d-0f6c-831979aaf847" testName="Index" computerName="GENOCHA" duration="00:00:00.0703575" startTime="2014-07-18T00:40:38.3897884-03:00" endTime="2014-07-18T00:40:38.4668398-03:00" testType="13cdc9d9-ddb5-4fa4-a97d-d965ccfc6d4b" outcome="Passed" testListId="8c84fa94-04c1-424b-9868-57a2d4851a1d" relativeResultsDirectory="690ca336-18e0-47e7-bb7e-c09a0ff2fc96">
    </UnitTestResult>
  </Results>
</TestRun>